{"name": "VWO Login Negative Testcase", "status": "broken", "statusDetails": {"message": "selenium.common.exceptions.NoSuchElementException: Message: no such element: Unable to locate element: {\"method\":\"link text\",\"selector\":\"https://vwo.com/free-trial/?utm_medium=website&amp;utm_source=login-page&amp;utm_campaign=mof_eg_loginpage\"}\n  (Session info: chrome=131.0.6778.265); For documentation on this error, please visit: https://www.selenium.dev/documentation/webdriver/troubleshooting/errors#no-such-element-exception\nStacktrace:\n\tGetHandleVerifier [0x00007FF64EA180D5+2992373]\n\t(No symbol) [0x00007FF64E6ABFD0]\n\t(No symbol) [0x00007FF64E54590A]\n\t(No symbol) [0x00007FF64E59926E]\n\t(No symbol) [0x00007FF64E59955C]\n\t(No symbol) [0x00007FF64E5E27D7]\n\t(No symbol) [0x00007FF64E5BF3AF]\n\t(No symbol) [0x00007FF64E5DF584]\n\t(No symbol) [0x00007FF64E5BF113]\n\t(No symbol) [0x00007FF64E58A918]\n\t(No symbol) [0x00007FF64E58BA81]\n\tGetHandleVerifier [0x00007FF64EA76A2D+3379789]\n\tGetHandleVerifier [0x00007FF64EA8C32D+3468109]\n\tGetHandleVerifier [0x00007FF64EA80043+3418211]\n\tGetHandleVerifier [0x00007FF64E80C78B+847787]\n\t(No symbol) [0x00007FF64E6B757F]\n\t(No symbol) [0x00007FF64E6B2FC4]\n\t(No symbol) [0x00007FF64E6B315D]\n\t(No symbol) [0x00007FF64E6A2979]\n\tBaseThreadInitThunk [0x00007FFD0A0E7374+20]\n\tRtlUserThreadStart [0x00007FFD0A4FCC91+33]", "trace": "@allure.title(\"VWO Login Negative Testcase\")\n    @allure.description(\"TC1 - VWO Login with invalid creds.\")\n    @pytest.mark.negativevwologin\n    def test_app_vwo_login_chrome():\n        load_dotenv()\n        chrome_options = Options()\n        chrome_options.add_argument(\"--incognito\")\n        driver = webdriver.Chrome(chrome_options)\n        driver.get(os.getenv(\"URL\"))\n        #Find the element\n        #locator for web element \"Free Trial\"\n        #< a\n        #href = \"https://vwo.com/free-trial/?utm_medium=website&amp;utm_source=login-page&amp;utm_campaign=mof_eg_loginpage\"\n    \n        #class =\"text-link\" data-qa=\"bericafeqo\" >\n        # Start a free trial\n        #< / a >\n>       startTrial_webelement_locator = driver.find_element(By.LINK_TEXT, \"https://vwo.com/free-trial/?utm_medium=website&amp;utm_source=login-page&amp;utm_campaign=mof_eg_loginpage\")\n\nJan\\ex03_selenium_locators\\test12_selenium_locators_MiniProject_freetrial.py:29: \n_ _ _ _ _ _ _ _ _ _ _ _ _ _ _ _ _ _ _ _ _ _ _ _ _ _ _ _ _ _ _ _ _ _ _ _ _ _ _ _ _ _ _ _ _ _ _ _ _ _ _ _ _ _ _ _ _ _ _ _ _ _ _ _ _ _ _ _ _ _ _ _\n.venv\\Lib\\site-packages\\selenium\\webdriver\\remote\\webdriver.py:770: in find_element\n    return self.execute(Command.FIND_ELEMENT, {\"using\": by, \"value\": value})[\"value\"]\n.venv\\Lib\\site-packages\\selenium\\webdriver\\remote\\webdriver.py:384: in execute\n    self.error_handler.check_response(response)\n_ _ _ _ _ _ _ _ _ _ _ _ _ _ _ _ _ _ _ _ _ _ _ _ _ _ _ _ _ _ _ _ _ _ _ _ _ _ _ _ _ _ _ _ _ _ _ _ _ _ _ _ _ _ _ _ _ _ _ _ _ _ _ _ _ _ _ _ _ _ _ _\n\nself = <selenium.webdriver.remote.errorhandler.ErrorHandler object at 0x0000021311196D80>\nresponse = {'status': 404, 'value': '{\"value\":{\"error\":\"no such element\",\"message\":\"no such element: Unable to locate element: {\\...07FF64E6A2979]\\\\n\\\\tBaseThreadInitThunk [0x00007FFD0A0E7374+20]\\\\n\\\\tRtlUserThreadStart [0x00007FFD0A4FCC91+33]\\\\n\"}}'}\n\n    def check_response(self, response: Dict[str, Any]) -> None:\n        \"\"\"Checks that a JSON response from the WebDriver does not have an\n        error.\n    \n        :Args:\n         - response - The JSON response from the WebDriver server as a dictionary\n           object.\n    \n        :Raises: If the response contains an error message.\n        \"\"\"\n        status = response.get(\"status\", None)\n        if not status or status == ErrorCode.SUCCESS:\n            return\n        value = None\n        message = response.get(\"message\", \"\")\n        screen: str = response.get(\"screen\", \"\")\n        stacktrace = None\n        if isinstance(status, int):\n            value_json = response.get(\"value\", None)\n            if value_json and isinstance(value_json, str):\n                import json\n    \n                try:\n                    value = json.loads(value_json)\n                    if len(value) == 1:\n                        value = value[\"value\"]\n                    status = value.get(\"error\", None)\n                    if not status:\n                        status = value.get(\"status\", ErrorCode.UNKNOWN_ERROR)\n                        message = value.get(\"value\") or value.get(\"message\")\n                        if not isinstance(message, str):\n                            value = message\n                            message = message.get(\"message\")\n                    else:\n                        message = value.get(\"message\", None)\n                except ValueError:\n                    pass\n    \n        exception_class: Type[WebDriverException]\n        e = ErrorCode()\n        error_codes = [item for item in dir(e) if not item.startswith(\"__\")]\n        for error_code in error_codes:\n            error_info = getattr(ErrorCode, error_code)\n            if isinstance(error_info, list) and status in error_info:\n                exception_class = getattr(ExceptionMapping, error_code, WebDriverException)\n                break\n        else:\n            exception_class = WebDriverException\n    \n        if not value:\n            value = response[\"value\"]\n        if isinstance(value, str):\n            raise exception_class(value)\n        if message == \"\" and \"message\" in value:\n            message = value[\"message\"]\n    \n        screen = None  # type: ignore[assignment]\n        if \"screen\" in value:\n            screen = value[\"screen\"]\n    \n        stacktrace = None\n        st_value = value.get(\"stackTrace\") or value.get(\"stacktrace\")\n        if st_value:\n            if isinstance(st_value, str):\n                stacktrace = st_value.split(\"\\n\")\n            else:\n                stacktrace = []\n                try:\n                    for frame in st_value:\n                        line = frame.get(\"lineNumber\", \"\")\n                        file = frame.get(\"fileName\", \"<anonymous>\")\n                        if line:\n                            file = f\"{file}:{line}\"\n                        meth = frame.get(\"methodName\", \"<anonymous>\")\n                        if \"className\" in frame:\n                            meth = f\"{frame['className']}.{meth}\"\n                        msg = \"    at %s (%s)\"\n                        msg = msg % (meth, file)\n                        stacktrace.append(msg)\n                except TypeError:\n                    pass\n        if exception_class == UnexpectedAlertPresentException:\n            alert_text = None\n            if \"data\" in value:\n                alert_text = value[\"data\"].get(\"text\")\n            elif \"alert\" in value:\n                alert_text = value[\"alert\"].get(\"text\")\n            raise exception_class(message, screen, stacktrace, alert_text)  # type: ignore[call-arg]  # mypy is not smart enough here\n>       raise exception_class(message, screen, stacktrace)\nE       selenium.common.exceptions.NoSuchElementException: Message: no such element: Unable to locate element: {\"method\":\"link text\",\"selector\":\"https://vwo.com/free-trial/?utm_medium=website&amp;utm_source=login-page&amp;utm_campaign=mof_eg_loginpage\"}\nE         (Session info: chrome=131.0.6778.265); For documentation on this error, please visit: https://www.selenium.dev/documentation/webdriver/troubleshooting/errors#no-such-element-exception\nE       Stacktrace:\nE       \tGetHandleVerifier [0x00007FF64EA180D5+2992373]\nE       \t(No symbol) [0x00007FF64E6ABFD0]\nE       \t(No symbol) [0x00007FF64E54590A]\nE       \t(No symbol) [0x00007FF64E59926E]\nE       \t(No symbol) [0x00007FF64E59955C]\nE       \t(No symbol) [0x00007FF64E5E27D7]\nE       \t(No symbol) [0x00007FF64E5BF3AF]\nE       \t(No symbol) [0x00007FF64E5DF584]\nE       \t(No symbol) [0x00007FF64E5BF113]\nE       \t(No symbol) [0x00007FF64E58A918]\nE       \t(No symbol) [0x00007FF64E58BA81]\nE       \tGetHandleVerifier [0x00007FF64EA76A2D+3379789]\nE       \tGetHandleVerifier [0x00007FF64EA8C32D+3468109]\nE       \tGetHandleVerifier [0x00007FF64EA80043+3418211]\nE       \tGetHandleVerifier [0x00007FF64E80C78B+847787]\nE       \t(No symbol) [0x00007FF64E6B757F]\nE       \t(No symbol) [0x00007FF64E6B2FC4]\nE       \t(No symbol) [0x00007FF64E6B315D]\nE       \t(No symbol) [0x00007FF64E6A2979]\nE       \tBaseThreadInitThunk [0x00007FFD0A0E7374+20]\nE       \tRtlUserThreadStart [0x00007FFD0A4FCC91+33]\n\n.venv\\Lib\\site-packages\\selenium\\webdriver\\remote\\errorhandler.py:232: NoSuchElementException"}, "description": "TC1 - VWO Login with invalid creds.", "start": 1737050322501, "stop": 1737050342193, "uuid": "848f26e4-b8c0-4ae2-a029-4c480ba7d4ce", "historyId": "0b2ba1cf458800b4ac504d4d6be4f14e", "testCaseId": "0b2ba1cf458800b4ac504d4d6be4f14e", "fullName": "Jan.ex03_selenium_locators.test12_selenium_locators_MiniProject_freetrial#test_app_vwo_login_chrome", "labels": [{"name": "tag", "value": "negativevwologin"}, {"name": "parentSuite", "value": "Jan.ex03_selenium_locators"}, {"name": "suite", "value": "test12_selenium_locators_MiniProject_freetrial"}, {"name": "host", "value": "DESKTOP-GA3MM47"}, {"name": "thread", "value": "15076-MainThread"}, {"name": "framework", "value": "pytest"}, {"name": "language", "value": "cpython3"}, {"name": "package", "value": "Jan.ex03_selenium_locators.test12_selenium_locators_MiniProject_freetrial"}]}