{"name": "Demo ESPOCRM Negative Testcase", "status": "broken", "statusDetails": {"message": "selenium.common.exceptions.NoSuchElementException: Message: no such element: Unable to locate element: {\"method\":\"css selector\",\"selector\":\"[id=\"btn-login\"]\"}\n  (Session info: chrome=131.0.6778.265); For documentation on this error, please visit: https://www.selenium.dev/documentation/webdriver/troubleshooting/errors#no-such-element-exception\nStacktrace:\n\tGetHandleVerifier [0x00007FF70C8680D5+2992373]\n\t(No symbol) [0x00007FF70C4FBFD0]\n\t(No symbol) [0x00007FF70C39590A]\n\t(No symbol) [0x00007FF70C3E926E]\n\t(No symbol) [0x00007FF70C3E955C]\n\t(No symbol) [0x00007FF70C4327D7]\n\t(No symbol) [0x00007FF70C40F3AF]\n\t(No symbol) [0x00007FF70C42F584]\n\t(No symbol) [0x00007FF70C40F113]\n\t(No symbol) [0x00007FF70C3DA918]\n\t(No symbol) [0x00007FF70C3DBA81]\n\tGetHandleVerifier [0x00007FF70C8C6A2D+3379789]\n\tGetHandleVerifier [0x00007FF70C8DC32D+3468109]\n\tGetHandleVerifier [0x00007FF70C8D0043+3418211]\n\tGetHandleVerifier [0x00007FF70C65C78B+847787]\n\t(No symbol) [0x00007FF70C50757F]\n\t(No symbol) [0x00007FF70C502FC4]\n\t(No symbol) [0x00007FF70C50315D]\n\t(No symbol) [0x00007FF70C4F2979]\n\tBaseThreadInitThunk [0x00007FFD0A0E7374+20]\n\tRtlUserThreadStart [0x00007FFD0A4FCC91+33]", "trace": "@allure.title(\"Demo ESPOCRM Negative Testcase\")\n    @allure.description(\"TC2 - Negative TC - Verify the login with invalid credentials\")\n    @pytest.mark.Negative\n    def test_Verify_login_chrome():\n        load_dotenv()\n        driver = webdriver.Chrome()\n        driver.get(os.getenv(\"URL_DemoESPO\"))\n    \n>       login_button_element = driver.find_element(By.ID,\"btn-login\")\n\nJan\\ex03_selenium_locators\\test14_selenium_MiniProject_ESPOCRM_task2_login.py:19: \n_ _ _ _ _ _ _ _ _ _ _ _ _ _ _ _ _ _ _ _ _ _ _ _ _ _ _ _ _ _ _ _ _ _ _ _ _ _ _ _ _ _ _ _ _ _ _ _ _ _ _ _ _ _ _ _ _ _ _ _ _ _ _ _ _ _ _ _ _ _ _ _\n.venv\\Lib\\site-packages\\selenium\\webdriver\\remote\\webdriver.py:770: in find_element\n    return self.execute(Command.FIND_ELEMENT, {\"using\": by, \"value\": value})[\"value\"]\n.venv\\Lib\\site-packages\\selenium\\webdriver\\remote\\webdriver.py:384: in execute\n    self.error_handler.check_response(response)\n_ _ _ _ _ _ _ _ _ _ _ _ _ _ _ _ _ _ _ _ _ _ _ _ _ _ _ _ _ _ _ _ _ _ _ _ _ _ _ _ _ _ _ _ _ _ _ _ _ _ _ _ _ _ _ _ _ _ _ _ _ _ _ _ _ _ _ _ _ _ _ _\n\nself = <selenium.webdriver.remote.errorhandler.ErrorHandler object at 0x000002050023D5B0>\nresponse = {'status': 404, 'value': '{\"value\":{\"error\":\"no such element\",\"message\":\"no such element: Unable to locate element: {\\...07FF70C4F2979]\\\\n\\\\tBaseThreadInitThunk [0x00007FFD0A0E7374+20]\\\\n\\\\tRtlUserThreadStart [0x00007FFD0A4FCC91+33]\\\\n\"}}'}\n\n    def check_response(self, response: Dict[str, Any]) -> None:\n        \"\"\"Checks that a JSON response from the WebDriver does not have an\n        error.\n    \n        :Args:\n         - response - The JSON response from the WebDriver server as a dictionary\n           object.\n    \n        :Raises: If the response contains an error message.\n        \"\"\"\n        status = response.get(\"status\", None)\n        if not status or status == ErrorCode.SUCCESS:\n            return\n        value = None\n        message = response.get(\"message\", \"\")\n        screen: str = response.get(\"screen\", \"\")\n        stacktrace = None\n        if isinstance(status, int):\n            value_json = response.get(\"value\", None)\n            if value_json and isinstance(value_json, str):\n                import json\n    \n                try:\n                    value = json.loads(value_json)\n                    if len(value) == 1:\n                        value = value[\"value\"]\n                    status = value.get(\"error\", None)\n                    if not status:\n                        status = value.get(\"status\", ErrorCode.UNKNOWN_ERROR)\n                        message = value.get(\"value\") or value.get(\"message\")\n                        if not isinstance(message, str):\n                            value = message\n                            message = message.get(\"message\")\n                    else:\n                        message = value.get(\"message\", None)\n                except ValueError:\n                    pass\n    \n        exception_class: Type[WebDriverException]\n        e = ErrorCode()\n        error_codes = [item for item in dir(e) if not item.startswith(\"__\")]\n        for error_code in error_codes:\n            error_info = getattr(ErrorCode, error_code)\n            if isinstance(error_info, list) and status in error_info:\n                exception_class = getattr(ExceptionMapping, error_code, WebDriverException)\n                break\n        else:\n            exception_class = WebDriverException\n    \n        if not value:\n            value = response[\"value\"]\n        if isinstance(value, str):\n            raise exception_class(value)\n        if message == \"\" and \"message\" in value:\n            message = value[\"message\"]\n    \n        screen = None  # type: ignore[assignment]\n        if \"screen\" in value:\n            screen = value[\"screen\"]\n    \n        stacktrace = None\n        st_value = value.get(\"stackTrace\") or value.get(\"stacktrace\")\n        if st_value:\n            if isinstance(st_value, str):\n                stacktrace = st_value.split(\"\\n\")\n            else:\n                stacktrace = []\n                try:\n                    for frame in st_value:\n                        line = frame.get(\"lineNumber\", \"\")\n                        file = frame.get(\"fileName\", \"<anonymous>\")\n                        if line:\n                            file = f\"{file}:{line}\"\n                        meth = frame.get(\"methodName\", \"<anonymous>\")\n                        if \"className\" in frame:\n                            meth = f\"{frame['className']}.{meth}\"\n                        msg = \"    at %s (%s)\"\n                        msg = msg % (meth, file)\n                        stacktrace.append(msg)\n                except TypeError:\n                    pass\n        if exception_class == UnexpectedAlertPresentException:\n            alert_text = None\n            if \"data\" in value:\n                alert_text = value[\"data\"].get(\"text\")\n            elif \"alert\" in value:\n                alert_text = value[\"alert\"].get(\"text\")\n            raise exception_class(message, screen, stacktrace, alert_text)  # type: ignore[call-arg]  # mypy is not smart enough here\n>       raise exception_class(message, screen, stacktrace)\nE       selenium.common.exceptions.NoSuchElementException: Message: no such element: Unable to locate element: {\"method\":\"css selector\",\"selector\":\"[id=\"btn-login\"]\"}\nE         (Session info: chrome=131.0.6778.265); For documentation on this error, please visit: https://www.selenium.dev/documentation/webdriver/troubleshooting/errors#no-such-element-exception\nE       Stacktrace:\nE       \tGetHandleVerifier [0x00007FF70C8680D5+2992373]\nE       \t(No symbol) [0x00007FF70C4FBFD0]\nE       \t(No symbol) [0x00007FF70C39590A]\nE       \t(No symbol) [0x00007FF70C3E926E]\nE       \t(No symbol) [0x00007FF70C3E955C]\nE       \t(No symbol) [0x00007FF70C4327D7]\nE       \t(No symbol) [0x00007FF70C40F3AF]\nE       \t(No symbol) [0x00007FF70C42F584]\nE       \t(No symbol) [0x00007FF70C40F113]\nE       \t(No symbol) [0x00007FF70C3DA918]\nE       \t(No symbol) [0x00007FF70C3DBA81]\nE       \tGetHandleVerifier [0x00007FF70C8C6A2D+3379789]\nE       \tGetHandleVerifier [0x00007FF70C8DC32D+3468109]\nE       \tGetHandleVerifier [0x00007FF70C8D0043+3418211]\nE       \tGetHandleVerifier [0x00007FF70C65C78B+847787]\nE       \t(No symbol) [0x00007FF70C50757F]\nE       \t(No symbol) [0x00007FF70C502FC4]\nE       \t(No symbol) [0x00007FF70C50315D]\nE       \t(No symbol) [0x00007FF70C4F2979]\nE       \tBaseThreadInitThunk [0x00007FFD0A0E7374+20]\nE       \tRtlUserThreadStart [0x00007FFD0A4FCC91+33]\n\n.venv\\Lib\\site-packages\\selenium\\webdriver\\remote\\errorhandler.py:232: NoSuchElementException"}, "description": "TC2 - Negative TC - Verify the login with invalid credentials", "start": 1737104184225, "stop": 1737104205410, "uuid": "b0db1919-6f7a-44c9-9839-52654d89f36f", "historyId": "1156a4d5177be0ba94f8afdd4e695678", "testCaseId": "1156a4d5177be0ba94f8afdd4e695678", "fullName": "Jan.ex03_selenium_locators.test14_selenium_MiniProject_ESPOCRM_task2_login#test_Verify_login_chrome", "labels": [{"name": "tag", "value": "Negative"}, {"name": "parentSuite", "value": "Jan.ex03_selenium_locators"}, {"name": "suite", "value": "test14_selenium_MiniProject_ESPOCRM_task2_login"}, {"name": "host", "value": "DESKTOP-GA3MM47"}, {"name": "thread", "value": "6244-MainThread"}, {"name": "framework", "value": "pytest"}, {"name": "language", "value": "cpython3"}, {"name": "package", "value": "Jan.ex03_selenium_locators.test14_selenium_MiniProject_ESPOCRM_task2_login"}]}